<?xml version="1.0" encoding="UTF-8"?>
<!-- Generated by org.testng.reporters.JUnitXMLReporter -->
<testsuite hostname="DESKTOP-C0SFBJN" name="Default test" tests="4" failures="0" timestamp="9 Aug 2021 10:47:16 GMT" time="10.574" errors="0">
  <testcase name="getAccessToken" time="8.749" classname="Demo.caseStudy"/>
  <testcase name="login" time="0.646" classname="Demo.caseStudy"/>
  <testcase name="listOfCustomer" time="0.584" classname="Demo.caseStudy"/>
  <testcase name="logOut" time="0.554" classname="Demo.caseStudy"/>
</testsuite> <!-- Default test -->
